<?xml version="1.0" encoding="UTF-8"?>
<!-- Generated by org.testng.reporters.JUnitXMLReporter -->
<testsuite ignored="0" hostname="DESKTOP-16U2O43" failures="1" tests="1" name="Test" time="9.752" errors="0" timestamp="2025-03-20T13:06:56 IST">
  <testcase classname="Test_Cases.TestCase_1" name="RegistratonTesting" time="4.374">
    <failure type="java.lang.NullPointerException" message="Cannot invoke &amp;quot;org.openqa.selenium.JavascriptExecutor.executeScript(String, Object[])&amp;quot; because &amp;quot;this.js&amp;quot; is null">
      <![CDATA[java.lang.NullPointerException: Cannot invoke "org.openqa.selenium.JavascriptExecutor.executeScript(String, Object[])" because "this.js" is null
at Cyclos.Registration.SetGendre(Registration.java:68)
at Test_Cases.TestCase_1.RegistratonTesting(TestCase_1.java:18)
at java.base/java.util.ArrayList.forEach(ArrayList.java:1511)
... Removed 27 stack frames]]>
    </failure>
  </testcase> <!-- RegistratonTesting -->
</testsuite> <!-- Test -->
